android/phone-rental-app/app/build/intermediates/manifest_merge_blame_file/release/manifest-merger-blame-release-report.txt
1<?xml version="1.0" encoding="utf-8"?>
2<manifest xmlns:android="http://schemas.android.com/apk/res/android"
3    package="com.ajcpisowifi.phonerental"
4    android:versionCode="36"
5    android:versionName="3.3.0" >
6
7    <uses-sdk
8        android:minSdkVersion="24"
9        android:targetSdkVersion="34" />
10
11    <!-- Network permissions -->
12    <uses-permission android:name="android.permission.INTERNET" />
12-->src/main/AndroidManifest.xml:6:5-67
12-->src/main/AndroidManifest.xml:6:22-64
13    <uses-permission android:name="android.permission.ACCESS_NETWORK_STATE" />
13-->src/main/AndroidManifest.xml:7:5-79
13-->src/main/AndroidManifest.xml:7:22-76
14    <uses-permission android:name="android.permission.ACCESS_WIFI_STATE" />
14-->src/main/AndroidManifest.xml:8:5-76
14-->src/main/AndroidManifest.xml:8:22-73
15
16    <!-- Foreground service for timer -->
17    <uses-permission android:name="android.permission.FOREGROUND_SERVICE" />
17-->src/main/AndroidManifest.xml:11:5-77
17-->src/main/AndroidManifest.xml:11:22-74
18    <!-- FOREGROUND_SERVICE_SPECIAL_USE only needed on Android 14+ -->
19    <uses-permission android:name="android.permission.FOREGROUND_SERVICE_SPECIAL_USE" />
19-->src/main/AndroidManifest.xml:13:5-125
19-->src/main/AndroidManifest.xml:13:22-86
20
21    <!-- Keep screen on during rental -->
22    <uses-permission android:name="android.permission.WAKE_LOCK" />
22-->src/main/AndroidManifest.xml:16:5-68
22-->src/main/AndroidManifest.xml:16:22-65
23
24    <!-- Account management for auto-logout -->
25    <uses-permission android:name="android.permission.GET_ACCOUNTS" />
25-->src/main/AndroidManifest.xml:19:5-71
25-->src/main/AndroidManifest.xml:19:22-68
26
27    <!-- Query installed apps -->
28    <uses-permission android:name="android.permission.QUERY_ALL_PACKAGES" />
28-->src/main/AndroidManifest.xml:22:5-119
28-->src/main/AndroidManifest.xml:22:22-74
29
30    <!-- Device admin for kiosk mode -->
31    <uses-permission android:name="android.permission.REQUEST_DELETE_PACKAGES" />
31-->src/main/AndroidManifest.xml:25:5-118
31-->src/main/AndroidManifest.xml:25:22-79
32
33    <!-- OTA update: allow installing APKs downloaded from the server -->
34    <uses-permission android:name="android.permission.REQUEST_INSTALL_PACKAGES" />
34-->src/main/AndroidManifest.xml:28:5-83
34-->src/main/AndroidManifest.xml:28:22-80
35
36    <!-- Status bar blocker overlay: draw above all apps to block notification shade -->
37    <uses-permission android:name="android.permission.SYSTEM_ALERT_WINDOW" />
37-->src/main/AndroidManifest.xml:31:5-78
37-->src/main/AndroidManifest.xml:31:22-75
38
39    <!-- Required for querying installed apps on Android 11+ -->
40    <queries>
40-->src/main/AndroidManifest.xml:132:5-156:15
41        <intent>
41-->src/main/AndroidManifest.xml:133:9-136:18
42            <action android:name="android.intent.action.MAIN" />
42-->src/main/AndroidManifest.xml:55:17-69
42-->src/main/AndroidManifest.xml:55:25-66
43
44            <category android:name="android.intent.category.LAUNCHER" />
44-->src/main/AndroidManifest.xml:56:17-77
44-->src/main/AndroidManifest.xml:56:27-74
45        </intent>
46        <intent>
46-->src/main/AndroidManifest.xml:137:9-140:18
47            <action android:name="android.intent.action.MAIN" />
47-->src/main/AndroidManifest.xml:55:17-69
47-->src/main/AndroidManifest.xml:55:25-66
48
49            <category android:name="android.intent.category.DEFAULT" />
49-->src/main/AndroidManifest.xml:71:17-76
49-->src/main/AndroidManifest.xml:71:27-73
50        </intent>
51        <intent>
51-->src/main/AndroidManifest.xml:141:9-144:18
52            <action android:name="android.intent.action.MAIN" />
52-->src/main/AndroidManifest.xml:55:17-69
52-->src/main/AndroidManifest.xml:55:25-66
53
54            <category android:name="android.intent.category.HOME" />
54-->src/main/AndroidManifest.xml:70:17-73
54-->src/main/AndroidManifest.xml:70:27-70
55        </intent>
56        <intent>
56-->src/main/AndroidManifest.xml:145:9-148:18
57            <action android:name="android.intent.action.VIEW" />
57-->src/main/AndroidManifest.xml:146:13-65
57-->src/main/AndroidManifest.xml:146:21-62
58
59            <data android:scheme="https" />
59-->src/main/AndroidManifest.xml:147:13-44
59-->src/main/AndroidManifest.xml:147:19-41
60        </intent>
61        <intent>
61-->src/main/AndroidManifest.xml:149:9-151:18
62            <action android:name="android.intent.action.DIAL" />
62-->src/main/AndroidManifest.xml:150:13-65
62-->src/main/AndroidManifest.xml:150:21-62
63        </intent>
64        <intent>
64-->src/main/AndroidManifest.xml:152:9-155:18
65            <action android:name="android.intent.action.SEND" />
65-->src/main/AndroidManifest.xml:153:13-65
65-->src/main/AndroidManifest.xml:153:21-62
66
67            <data android:mimeType="*/*" />
67-->src/main/AndroidManifest.xml:147:13-44
67-->src/main/AndroidManifest.xml:154:19-41
68        </intent>
69    </queries>
70
71    <uses-permission android:name="android.permission.RECEIVE_BOOT_COMPLETED" />
71-->[androidx.work:work-runtime:2.9.0] AndroidManifest.xml:25:5-81
71-->[androidx.work:work-runtime:2.9.0] AndroidManifest.xml:25:22-78
72
73    <permission
73-->[androidx.core:core:1.12.0] AndroidManifest.xml:22:5-24:47
74        android:name="com.ajcpisowifi.phonerental.DYNAMIC_RECEIVER_NOT_EXPORTED_PERMISSION"
74-->[androidx.core:core:1.12.0] AndroidManifest.xml:23:9-81
75        android:protectionLevel="signature" />
75-->[androidx.core:core:1.12.0] AndroidManifest.xml:24:9-44
76
77    <uses-permission android:name="com.ajcpisowifi.phonerental.DYNAMIC_RECEIVER_NOT_EXPORTED_PERMISSION" />
77-->[androidx.core:core:1.12.0] AndroidManifest.xml:26:5-97
77-->[androidx.core:core:1.12.0] AndroidManifest.xml:26:22-94
78
79    <application
79-->src/main/AndroidManifest.xml:33:5-129:19
80        android:allowBackup="false"
80-->src/main/AndroidManifest.xml:34:9-36
81        android:appComponentFactory="androidx.core.app.CoreComponentFactory"
81-->[androidx.core:core:1.12.0] AndroidManifest.xml:28:18-86
82        android:extractNativeLibs="false"
83        android:icon="@mipmap/ic_launcher"
83-->src/main/AndroidManifest.xml:35:9-43
84        android:label="@string/app_name"
84-->src/main/AndroidManifest.xml:36:9-41
85        android:supportsRtl="true"
85-->src/main/AndroidManifest.xml:37:9-35
86        android:theme="@style/Theme.PhoneRental"
86-->src/main/AndroidManifest.xml:38:9-49
87        android:usesCleartextTraffic="true" >
87-->src/main/AndroidManifest.xml:39:9-44
88
89        <!-- Main Launcher Activity -->
90        <!--
91             NOTE: HOME/DEFAULT categories are NOT declared here because they
92             prevent installation on regular phones. Instead, the app registers
93             as a launcher programmatically when set as Device Owner via
94             dpm set-default-launcher. This allows normal sideload installation.
95        -->
96        <activity
96-->src/main/AndroidManifest.xml:47:9-58:20
97            android:name="com.ajcpisowifi.phonerental.ui.MainActivity"
97-->src/main/AndroidManifest.xml:48:13-44
98            android:configChanges="orientation|screenSize|keyboardHidden|screenLayout|smallestScreenSize"
98-->src/main/AndroidManifest.xml:52:13-106
99            android:exported="true"
99-->src/main/AndroidManifest.xml:49:13-36
100            android:launchMode="singleTask"
100-->src/main/AndroidManifest.xml:50:13-44
101            android:screenOrientation="fullSensor"
101-->src/main/AndroidManifest.xml:51:13-51
102            android:stateNotNeeded="true" >
102-->src/main/AndroidManifest.xml:53:13-42
103            <intent-filter>
103-->src/main/AndroidManifest.xml:54:13-57:29
104                <action android:name="android.intent.action.MAIN" />
104-->src/main/AndroidManifest.xml:55:17-69
104-->src/main/AndroidManifest.xml:55:25-66
105
106                <category android:name="android.intent.category.LAUNCHER" />
106-->src/main/AndroidManifest.xml:56:17-77
106-->src/main/AndroidManifest.xml:56:27-74
107            </intent-filter>
108        </activity>
109        <!--
110 Launcher alias: enabled ONLY when app is set as Device Owner.
111             This provides the HOME category for kiosk mode.
112             Disabled by default so the app installs normally on any phone.
113        -->
114        <activity-alias
114-->src/main/AndroidManifest.xml:63:9-73:26
115            android:name="com.ajcpisowifi.phonerental.ui.MainLauncherAlias"
115-->src/main/AndroidManifest.xml:64:13-49
116            android:enabled="false"
116-->src/main/AndroidManifest.xml:66:13-36
117            android:exported="true"
117-->src/main/AndroidManifest.xml:67:13-36
118            android:targetActivity="com.ajcpisowifi.phonerental.ui.MainActivity" >
118-->src/main/AndroidManifest.xml:65:13-54
119            <intent-filter>
119-->src/main/AndroidManifest.xml:68:13-72:29
120                <action android:name="android.intent.action.MAIN" />
120-->src/main/AndroidManifest.xml:55:17-69
120-->src/main/AndroidManifest.xml:55:25-66
121
122                <category android:name="android.intent.category.HOME" />
122-->src/main/AndroidManifest.xml:70:17-73
122-->src/main/AndroidManifest.xml:70:27-70
123                <category android:name="android.intent.category.DEFAULT" />
123-->src/main/AndroidManifest.xml:71:17-76
123-->src/main/AndroidManifest.xml:71:27-73
124            </intent-filter>
125        </activity-alias>
126
127        <!-- Setup Activity for configuring server connection -->
128        <activity
128-->src/main/AndroidManifest.xml:76:9-79:52
129            android:name="com.ajcpisowifi.phonerental.ui.SetupActivity"
129-->src/main/AndroidManifest.xml:77:13-45
130            android:exported="false"
130-->src/main/AndroidManifest.xml:78:13-37
131            android:screenOrientation="portrait" />
131-->src/main/AndroidManifest.xml:79:13-49
132
133        <!-- Admin Activity for app management -->
134        <activity
134-->src/main/AndroidManifest.xml:82:9-85:52
135            android:name="com.ajcpisowifi.phonerental.admin.AdminActivity"
135-->src/main/AndroidManifest.xml:83:13-48
136            android:exported="false"
136-->src/main/AndroidManifest.xml:84:13-37
137            android:screenOrientation="portrait" />
137-->src/main/AndroidManifest.xml:85:13-49
138
139        <!-- Device Admin Receiver for lock task mode -->
140        <receiver
140-->src/main/AndroidManifest.xml:88:9-98:20
141            android:name="com.ajcpisowifi.phonerental.admin.KioskDeviceAdmin"
141-->src/main/AndroidManifest.xml:89:13-51
142            android:exported="true"
142-->src/main/AndroidManifest.xml:90:13-36
143            android:permission="android.permission.BIND_DEVICE_ADMIN" >
143-->src/main/AndroidManifest.xml:91:13-70
144            <meta-data
144-->src/main/AndroidManifest.xml:92:13-94:65
145                android:name="android.app.device_admin"
145-->src/main/AndroidManifest.xml:93:17-56
146                android:resource="@xml/device_admin_policies" />
146-->src/main/AndroidManifest.xml:94:17-62
147
148            <intent-filter>
148-->src/main/AndroidManifest.xml:95:13-97:29
149                <action android:name="android.app.action.DEVICE_ADMIN_ENABLED" />
149-->src/main/AndroidManifest.xml:96:17-82
149-->src/main/AndroidManifest.xml:96:25-79
150            </intent-filter>
151        </receiver>
152
153        <!-- Timer Foreground Service -->
154        <service
154-->src/main/AndroidManifest.xml:101:9-105:36
155            android:name="com.ajcpisowifi.phonerental.service.TimerService"
155-->src/main/AndroidManifest.xml:102:13-49
156            android:exported="false"
156-->src/main/AndroidManifest.xml:103:13-37
157            android:foregroundServiceType="specialUse" />
157-->src/main/AndroidManifest.xml:104:13-55
158
159        <!-- Status Bar Blocker overlay service (kiosk protection) -->
160        <service
160-->src/main/AndroidManifest.xml:108:9-112:36
161            android:name="com.ajcpisowifi.phonerental.service.StatusBarBlockerService"
161-->src/main/AndroidManifest.xml:109:13-60
162            android:exported="false"
162-->src/main/AndroidManifest.xml:110:13-37
163            android:foregroundServiceType="specialUse" />
163-->src/main/AndroidManifest.xml:111:13-55
164
165        <!--
166             HeartbeatWorker is a WorkManager worker, NOT a service.
167             WorkManager auto-registers via AndroidManifest merge.
168             Do NOT declare it as <service> or it crashes on startup.
169        -->
170
171
172        <!-- FileProvider for sharing downloaded APK with system installer -->
173        <provider
174            android:name="androidx.core.content.FileProvider"
174-->src/main/AndroidManifest.xml:120:13-62
175            android:authorities="com.ajcpisowifi.phonerental.fileprovider"
175-->src/main/AndroidManifest.xml:121:13-64
176            android:exported="false"
176-->src/main/AndroidManifest.xml:122:13-37
177            android:grantUriPermissions="true" >
177-->src/main/AndroidManifest.xml:123:13-47
178            <meta-data
178-->src/main/AndroidManifest.xml:124:13-126:63
179                android:name="android.support.FILE_PROVIDER_PATHS"
179-->src/main/AndroidManifest.xml:125:17-67
180                android:resource="@xml/file_provider_paths" />
180-->src/main/AndroidManifest.xml:126:17-60
181        </provider>
182        <provider
182-->[androidx.emoji2:emoji2:1.2.0] AndroidManifest.xml:24:9-32:20
183            android:name="androidx.startup.InitializationProvider"
183-->[androidx.emoji2:emoji2:1.2.0] AndroidManifest.xml:25:13-67
184            android:authorities="com.ajcpisowifi.phonerental.androidx-startup"
184-->[androidx.emoji2:emoji2:1.2.0] AndroidManifest.xml:26:13-68
185            android:exported="false" >
185-->[androidx.emoji2:emoji2:1.2.0] AndroidManifest.xml:27:13-37
186            <meta-data
186-->[androidx.emoji2:emoji2:1.2.0] AndroidManifest.xml:29:13-31:52
187                android:name="androidx.emoji2.text.EmojiCompatInitializer"
187-->[androidx.emoji2:emoji2:1.2.0] AndroidManifest.xml:30:17-75
188                android:value="androidx.startup" />
188-->[androidx.emoji2:emoji2:1.2.0] AndroidManifest.xml:31:17-49
189            <meta-data
189-->[androidx.work:work-runtime:2.9.0] AndroidManifest.xml:34:13-36:52
190                android:name="androidx.work.WorkManagerInitializer"
190-->[androidx.work:work-runtime:2.9.0] AndroidManifest.xml:35:17-68
191                android:value="androidx.startup" />
191-->[androidx.work:work-runtime:2.9.0] AndroidManifest.xml:36:17-49
192            <meta-data
192-->[androidx.lifecycle:lifecycle-process:2.7.0] AndroidManifest.xml:29:13-31:52
193                android:name="androidx.lifecycle.ProcessLifecycleInitializer"
193-->[androidx.lifecycle:lifecycle-process:2.7.0] AndroidManifest.xml:30:17-78
194                android:value="androidx.startup" />
194-->[androidx.lifecycle:lifecycle-process:2.7.0] AndroidManifest.xml:31:17-49
195            <meta-data
195-->[androidx.profileinstaller:profileinstaller:1.3.0] AndroidManifest.xml:29:13-31:52
196                android:name="androidx.profileinstaller.ProfileInstallerInitializer"
196-->[androidx.profileinstaller:profileinstaller:1.3.0] AndroidManifest.xml:30:17-85
197                android:value="androidx.startup" />
197-->[androidx.profileinstaller:profileinstaller:1.3.0] AndroidManifest.xml:31:17-49
198        </provider>
199
200        <service
200-->[androidx.work:work-runtime:2.9.0] AndroidManifest.xml:39:9-45:35
201            android:name="androidx.work.impl.background.systemalarm.SystemAlarmService"
201-->[androidx.work:work-runtime:2.9.0] AndroidManifest.xml:40:13-88
202            android:directBootAware="false"
202-->[androidx.work:work-runtime:2.9.0] AndroidManifest.xml:41:13-44
203            android:enabled="@bool/enable_system_alarm_service_default"
203-->[androidx.work:work-runtime:2.9.0] AndroidManifest.xml:42:13-72
204            android:exported="false" />
204-->[androidx.work:work-runtime:2.9.0] AndroidManifest.xml:43:13-37
205        <service
205-->[androidx.work:work-runtime:2.9.0] AndroidManifest.xml:46:9-52:35
206            android:name="androidx.work.impl.background.systemjob.SystemJobService"
206-->[androidx.work:work-runtime:2.9.0] AndroidManifest.xml:47:13-84
207            android:directBootAware="false"
207-->[androidx.work:work-runtime:2.9.0] AndroidManifest.xml:48:13-44
208            android:enabled="@bool/enable_system_job_service_default"
208-->[androidx.work:work-runtime:2.9.0] AndroidManifest.xml:49:13-70
209            android:exported="true"
209-->[androidx.work:work-runtime:2.9.0] AndroidManifest.xml:50:13-36
210            android:permission="android.permission.BIND_JOB_SERVICE" />
210-->[androidx.work:work-runtime:2.9.0] AndroidManifest.xml:51:13-69
211        <service
211-->[androidx.work:work-runtime:2.9.0] AndroidManifest.xml:53:9-59:35
212            android:name="androidx.work.impl.foreground.SystemForegroundService"
212-->[androidx.work:work-runtime:2.9.0] AndroidManifest.xml:54:13-81
213            android:directBootAware="false"
213-->[androidx.work:work-runtime:2.9.0] AndroidManifest.xml:55:13-44
214            android:enabled="@bool/enable_system_foreground_service_default"
214-->[androidx.work:work-runtime:2.9.0] AndroidManifest.xml:56:13-77
215            android:exported="false" />
215-->[androidx.work:work-runtime:2.9.0] AndroidManifest.xml:57:13-37
216
217        <receiver
217-->[androidx.work:work-runtime:2.9.0] AndroidManifest.xml:61:9-66:35
218            android:name="androidx.work.impl.utils.ForceStopRunnable$BroadcastReceiver"
218-->[androidx.work:work-runtime:2.9.0] AndroidManifest.xml:62:13-88
219            android:directBootAware="false"
219-->[androidx.work:work-runtime:2.9.0] AndroidManifest.xml:63:13-44
220            android:enabled="true"
220-->[androidx.work:work-runtime:2.9.0] AndroidManifest.xml:64:13-35
221            android:exported="false" />
221-->[androidx.work:work-runtime:2.9.0] AndroidManifest.xml:65:13-37
222        <receiver
222-->[androidx.work:work-runtime:2.9.0] AndroidManifest.xml:67:9-77:20
223            android:name="androidx.work.impl.background.systemalarm.ConstraintProxy$BatteryChargingProxy"
223-->[androidx.work:work-runtime:2.9.0] AndroidManifest.xml:68:13-106
224            android:directBootAware="false"
224-->[androidx.work:work-runtime:2.9.0] AndroidManifest.xml:69:13-44
225            android:enabled="false"
225-->[androidx.work:work-runtime:2.9.0] AndroidManifest.xml:70:13-36
226            android:exported="false" >
226-->[androidx.work:work-runtime:2.9.0] AndroidManifest.xml:71:13-37
227            <intent-filter>
227-->[androidx.work:work-runtime:2.9.0] AndroidManifest.xml:73:13-76:29
228                <action android:name="android.intent.action.ACTION_POWER_CONNECTED" />
228-->[androidx.work:work-runtime:2.9.0] AndroidManifest.xml:74:17-87
228-->[androidx.work:work-runtime:2.9.0] AndroidManifest.xml:74:25-84
229                <action android:name="android.intent.action.ACTION_POWER_DISCONNECTED" />
229-->[androidx.work:work-runtime:2.9.0] AndroidManifest.xml:75:17-90
229-->[androidx.work:work-runtime:2.9.0] AndroidManifest.xml:75:25-87
230            </intent-filter>
231        </receiver>
232        <receiver
232-->[androidx.work:work-runtime:2.9.0] AndroidManifest.xml:78:9-88:20
233            android:name="androidx.work.impl.background.systemalarm.ConstraintProxy$BatteryNotLowProxy"
233-->[androidx.work:work-runtime:2.9.0] AndroidManifest.xml:79:13-104
234            android:directBootAware="false"
234-->[androidx.work:work-runtime:2.9.0] AndroidManifest.xml:80:13-44
235            android:enabled="false"
235-->[androidx.work:work-runtime:2.9.0] AndroidManifest.xml:81:13-36
236            android:exported="false" >
236-->[androidx.work:work-runtime:2.9.0] AndroidManifest.xml:82:13-37
237            <intent-filter>
237-->[androidx.work:work-runtime:2.9.0] AndroidManifest.xml:84:13-87:29
238                <action android:name="android.intent.action.BATTERY_OKAY" />
238-->[androidx.work:work-runtime:2.9.0] AndroidManifest.xml:85:17-77
238-->[androidx.work:work-runtime:2.9.0] AndroidManifest.xml:85:25-74
239                <action android:name="android.intent.action.BATTERY_LOW" />
239-->[androidx.work:work-runtime:2.9.0] AndroidManifest.xml:86:17-76
239-->[androidx.work:work-runtime:2.9.0] AndroidManifest.xml:86:25-73
240            </intent-filter>
241        </receiver>
242        <receiver
242-->[androidx.work:work-runtime:2.9.0] AndroidManifest.xml:89:9-99:20
243            android:name="androidx.work.impl.background.systemalarm.ConstraintProxy$StorageNotLowProxy"
243-->[androidx.work:work-runtime:2.9.0] AndroidManifest.xml:90:13-104
244            android:directBootAware="false"
244-->[androidx.work:work-runtime:2.9.0] AndroidManifest.xml:91:13-44
245            android:enabled="false"
245-->[androidx.work:work-runtime:2.9.0] AndroidManifest.xml:92:13-36
246            android:exported="false" >
246-->[androidx.work:work-runtime:2.9.0] AndroidManifest.xml:93:13-37
247            <intent-filter>
247-->[androidx.work:work-runtime:2.9.0] AndroidManifest.xml:95:13-98:29
248                <action android:name="android.intent.action.DEVICE_STORAGE_LOW" />
248-->[androidx.work:work-runtime:2.9.0] AndroidManifest.xml:96:17-83
248-->[androidx.work:work-runtime:2.9.0] AndroidManifest.xml:96:25-80
249                <action android:name="android.intent.action.DEVICE_STORAGE_OK" />
249-->[androidx.work:work-runtime:2.9.0] AndroidManifest.xml:97:17-82
249-->[androidx.work:work-runtime:2.9.0] AndroidManifest.xml:97:25-79
250            </intent-filter>
251        </receiver>
252        <receiver
252-->[androidx.work:work-runtime:2.9.0] AndroidManifest.xml:100:9-109:20
253            android:name="androidx.work.impl.background.systemalarm.ConstraintProxy$NetworkStateProxy"
253-->[androidx.work:work-runtime:2.9.0] AndroidManifest.xml:101:13-103
254            android:directBootAware="false"
254-->[androidx.work:work-runtime:2.9.0] AndroidManifest.xml:102:13-44
255            android:enabled="false"
255-->[androidx.work:work-runtime:2.9.0] AndroidManifest.xml:103:13-36
256            android:exported="false" >
256-->[androidx.work:work-runtime:2.9.0] AndroidManifest.xml:104:13-37
257            <intent-filter>
257-->[androidx.work:work-runtime:2.9.0] AndroidManifest.xml:106:13-108:29
258                <action android:name="android.net.conn.CONNECTIVITY_CHANGE" />
258-->[androidx.work:work-runtime:2.9.0] AndroidManifest.xml:107:17-79
258-->[androidx.work:work-runtime:2.9.0] AndroidManifest.xml:107:25-76
259            </intent-filter>
260        </receiver>
261        <receiver
261-->[androidx.work:work-runtime:2.9.0] AndroidManifest.xml:110:9-121:20
262            android:name="androidx.work.impl.background.systemalarm.RescheduleReceiver"
262-->[androidx.work:work-runtime:2.9.0] AndroidManifest.xml:111:13-88
263            android:directBootAware="false"
263-->[androidx.work:work-runtime:2.9.0] AndroidManifest.xml:112:13-44
264            android:enabled="false"
264-->[androidx.work:work-runtime:2.9.0] AndroidManifest.xml:113:13-36
265            android:exported="false" >
265-->[androidx.work:work-runtime:2.9.0] AndroidManifest.xml:114:13-37
266            <intent-filter>
266-->[androidx.work:work-runtime:2.9.0] AndroidManifest.xml:116:13-120:29
267                <action android:name="android.intent.action.BOOT_COMPLETED" />
267-->[androidx.work:work-runtime:2.9.0] AndroidManifest.xml:117:17-79
267-->[androidx.work:work-runtime:2.9.0] AndroidManifest.xml:117:25-76
268                <action android:name="android.intent.action.TIME_SET" />
268-->[androidx.work:work-runtime:2.9.0] AndroidManifest.xml:118:17-73
268-->[androidx.work:work-runtime:2.9.0] AndroidManifest.xml:118:25-70
269                <action android:name="android.intent.action.TIMEZONE_CHANGED" />
269-->[androidx.work:work-runtime:2.9.0] AndroidManifest.xml:119:17-81
269-->[androidx.work:work-runtime:2.9.0] AndroidManifest.xml:119:25-78
270            </intent-filter>
271        </receiver>
272        <receiver
272-->[androidx.work:work-runtime:2.9.0] AndroidManifest.xml:122:9-131:20
273            android:name="androidx.work.impl.background.systemalarm.ConstraintProxyUpdateReceiver"
273-->[androidx.work:work-runtime:2.9.0] AndroidManifest.xml:123:13-99
274            android:directBootAware="false"
274-->[androidx.work:work-runtime:2.9.0] AndroidManifest.xml:124:13-44
275            android:enabled="@bool/enable_system_alarm_service_default"
275-->[androidx.work:work-runtime:2.9.0] AndroidManifest.xml:125:13-72
276            android:exported="false" >
276-->[androidx.work:work-runtime:2.9.0] AndroidManifest.xml:126:13-37
277            <intent-filter>
277-->[androidx.work:work-runtime:2.9.0] AndroidManifest.xml:128:13-130:29
278                <action android:name="androidx.work.impl.background.systemalarm.UpdateProxies" />
278-->[androidx.work:work-runtime:2.9.0] AndroidManifest.xml:129:17-98
278-->[androidx.work:work-runtime:2.9.0] AndroidManifest.xml:129:25-95
279            </intent-filter>
280        </receiver>
281        <receiver
281-->[androidx.work:work-runtime:2.9.0] AndroidManifest.xml:132:9-142:20
282            android:name="androidx.work.impl.diagnostics.DiagnosticsReceiver"
282-->[androidx.work:work-runtime:2.9.0] AndroidManifest.xml:133:13-78
283            android:directBootAware="false"
283-->[androidx.work:work-runtime:2.9.0] AndroidManifest.xml:134:13-44
284            android:enabled="true"
284-->[androidx.work:work-runtime:2.9.0] AndroidManifest.xml:135:13-35
285            android:exported="true"
285-->[androidx.work:work-runtime:2.9.0] AndroidManifest.xml:136:13-36
286            android:permission="android.permission.DUMP" >
286-->[androidx.work:work-runtime:2.9.0] AndroidManifest.xml:137:13-57
287            <intent-filter>
287-->[androidx.work:work-runtime:2.9.0] AndroidManifest.xml:139:13-141:29
288                <action android:name="androidx.work.diagnostics.REQUEST_DIAGNOSTICS" />
288-->[androidx.work:work-runtime:2.9.0] AndroidManifest.xml:140:17-88
288-->[androidx.work:work-runtime:2.9.0] AndroidManifest.xml:140:25-85
289            </intent-filter>
290        </receiver>
291
292        <service
292-->[androidx.room:room-runtime:2.5.0] AndroidManifest.xml:24:9-28:63
293            android:name="androidx.room.MultiInstanceInvalidationService"
293-->[androidx.room:room-runtime:2.5.0] AndroidManifest.xml:25:13-74
294            android:directBootAware="true"
294-->[androidx.room:room-runtime:2.5.0] AndroidManifest.xml:26:13-43
295            android:exported="false" />
295-->[androidx.room:room-runtime:2.5.0] AndroidManifest.xml:27:13-37
296
297        <receiver
297-->[androidx.profileinstaller:profileinstaller:1.3.0] AndroidManifest.xml:34:9-52:20
298            android:name="androidx.profileinstaller.ProfileInstallReceiver"
298-->[androidx.profileinstaller:profileinstaller:1.3.0] AndroidManifest.xml:35:13-76
299            android:directBootAware="false"
299-->[androidx.profileinstaller:profileinstaller:1.3.0] AndroidManifest.xml:36:13-44
300            android:enabled="true"
300-->[androidx.profileinstaller:profileinstaller:1.3.0] AndroidManifest.xml:37:13-35
301            android:exported="true"
301-->[androidx.profileinstaller:profileinstaller:1.3.0] AndroidManifest.xml:38:13-36
302            android:permission="android.permission.DUMP" >
302-->[androidx.profileinstaller:profileinstaller:1.3.0] AndroidManifest.xml:39:13-57
303            <intent-filter>
303-->[androidx.profileinstaller:profileinstaller:1.3.0] AndroidManifest.xml:40:13-42:29
304                <action android:name="androidx.profileinstaller.action.INSTALL_PROFILE" />
304-->[androidx.profileinstaller:profileinstaller:1.3.0] AndroidManifest.xml:41:17-91
304-->[androidx.profileinstaller:profileinstaller:1.3.0] AndroidManifest.xml:41:25-88
305            </intent-filter>
306            <intent-filter>
306-->[androidx.profileinstaller:profileinstaller:1.3.0] AndroidManifest.xml:43:13-45:29
307                <action android:name="androidx.profileinstaller.action.SKIP_FILE" />
307-->[androidx.profileinstaller:profileinstaller:1.3.0] AndroidManifest.xml:44:17-85
307-->[androidx.profileinstaller:profileinstaller:1.3.0] AndroidManifest.xml:44:25-82
308            </intent-filter>
309            <intent-filter>
309-->[androidx.profileinstaller:profileinstaller:1.3.0] AndroidManifest.xml:46:13-48:29
310                <action android:name="androidx.profileinstaller.action.SAVE_PROFILE" />
310-->[androidx.profileinstaller:profileinstaller:1.3.0] AndroidManifest.xml:47:17-88
310-->[androidx.profileinstaller:profileinstaller:1.3.0] AndroidManifest.xml:47:25-85
311            </intent-filter>
312            <intent-filter>
312-->[androidx.profileinstaller:profileinstaller:1.3.0] AndroidManifest.xml:49:13-51:29
313                <action android:name="androidx.profileinstaller.action.BENCHMARK_OPERATION" />
313-->[androidx.profileinstaller:profileinstaller:1.3.0] AndroidManifest.xml:50:17-95
313-->[androidx.profileinstaller:profileinstaller:1.3.0] AndroidManifest.xml:50:25-92
314            </intent-filter>
315        </receiver>
316    </application>
317
318</manifest>